C:\Program Files (x86)\Microsoft Visual Studio\2017\Community\Common7\IDE\VC\VCTargets\Microsoft.CppBuild.targets(944,5): warning MSB8027: 名为 main.cpp 的两个或更多文件将生成到同一位置的输出。这会导致错误的生成结果。   调用的文件是 ..\..\assignment3-Horanny\Coding\src\main.cpp, main.cpp。
  camera.cpp
g:\cs171\assignment3-horanny\coding\src\camera.cpp(2): fatal error C1083: 无法打开包括文件: “camera.hpp”: No such file or directory
  geometry.cpp
g:\cs171\assignment3-horanny\coding\src\geometry.cpp(2): fatal error C1083: 无法打开包括文件: “geometry.hpp”: No such file or directory
  integrator.cpp
g:\cs171\assignment3-horanny\coding\src\integrator.cpp(4): fatal error C1083: 无法打开包括文件: “integrator.hpp”: No such file or directory
  light.cpp
g:\cs171\assignment3-horanny\coding\src\light.cpp(1): fatal error C1083: 无法打开包括文件: “light.hpp”: No such file or directory
  main.cpp
g:\cs171\assignment3-horanny\coding\src\main.cpp(8): fatal error C1083: 无法打开包括文件: “stb_image_write.h”: No such file or directory
  material.cpp
g:\cs171\assignment3-horanny\coding\src\material.cpp(2): fatal error C1083: 无法打开包括文件: “material.hpp”: No such file or directory
  scene.cpp
g:\cs171\assignment3-horanny\coding\src\scene.cpp(2): fatal error C1083: 无法打开包括文件: “scene.hpp”: No such file or directory
  texture.cpp
g:\cs171\assignment3-horanny\coding\src\texture.cpp(1): fatal error C1083: 无法打开包括文件: “texture.hpp”: No such file or directory
  utils.cpp
g:\cs171\assignment3-horanny\coding\src\utils.cpp(2): fatal error C1083: 无法打开包括文件: “utils.hpp”: No such file or directory
  main.cpp
  正在生成代码...
